{
  "stats": {
    "suites": 1,
    "tests": 2,
    "passes": 1,
    "pending": 0,
    "failures": 1,
    "start": "2026-01-22T15:52:59.257Z",
    "end": "2026-01-22T15:53:14.158Z",
    "duration": 14901,
    "testsRegistered": 2,
    "passPercent": 50,
    "pendingPercent": 0,
    "other": 0,
    "hasOther": false,
    "skipped": 0,
    "hasSkipped": false
  },
  "results": [
    {
      "uuid": "cc0a0ae4-274d-4da7-8980-327ddf814191",
      "title": "",
      "fullFile": "cypress/e2e/UserTransactions.cy.js",
      "file": "cypress/e2e/UserTransactions.cy.js",
      "beforeHooks": [],
      "afterHooks": [],
      "tests": [],
      "suites": [
        {
          "uuid": "917d5002-98b7-4ae0-9e25-38cb7907a47a",
          "title": "User Transactions",
          "fullFile": "",
          "file": "",
          "beforeHooks": [],
          "afterHooks": [],
          "tests": [
            {
              "title": "transfer funds",
              "fullTitle": "User Transactions transfer funds",
              "timedOut": null,
              "duration": 10179,
              "state": "failed",
              "speed": null,
              "pass": false,
              "fail": true,
              "pending": false,
              "context": null,
              "code": "cy.loginParaBank({\n  username,\n  password: \"owis12345\"\n});\ncy.TransferFundsParaBank({\n  amount: \"100\"\n});\ncy.logoutParaBank();",
              "err": {
                "message": "AssertionError: Timed out retrying after 4000ms: Expected to find element: `input[name=\"username\"]`, but never found it.",
                "estack": "AssertionError: Timed out retrying after 4000ms: Expected to find element: `input[name=\"username\"]`, but never found it.\n    at Context.eval (webpack://parabank/./cypress/support/commands.js:30:5)\n    at wrapped (https://parabank.parasoft.com/__cypress/runner/cypress_runner.js:146042:43)",
                "diff": null
              },
              "uuid": "65ffc69d-f6b3-4778-85c0-38f95730c139",
              "parentUUID": "917d5002-98b7-4ae0-9e25-38cb7907a47a",
              "isHook": false,
              "skipped": false
            },
            {
              "title": "loan request",
              "fullTitle": "User Transactions loan request",
              "timedOut": null,
              "duration": 3700,
              "state": "passed",
              "speed": "fast",
              "pass": true,
              "fail": false,
              "pending": false,
              "context": null,
              "code": "cy.loginParaBank({\n  username,\n  password: \"owis12345\"\n});\ncy.loanRequest({\n  amount: \"5000\",\n  downPayment: \"500\"\n});",
              "err": {},
              "uuid": "4c05f954-7982-4b24-8a3d-0cb4cc86d112",
              "parentUUID": "917d5002-98b7-4ae0-9e25-38cb7907a47a",
              "isHook": false,
              "skipped": false
            }
          ],
          "suites": [],
          "passes": [
            "4c05f954-7982-4b24-8a3d-0cb4cc86d112"
          ],
          "failures": [
            "65ffc69d-f6b3-4778-85c0-38f95730c139"
          ],
          "pending": [],
          "skipped": [],
          "duration": 13879,
          "root": false,
          "rootEmpty": false,
          "_timeout": 2000
        }
      ],
      "passes": [],
      "failures": [],
      "pending": [],
      "skipped": [],
      "duration": 0,
      "root": true,
      "rootEmpty": true,
      "_timeout": 2000
    }
  ],
  "meta": {
    "mocha": {
      "version": "7.2.0"
    },
    "mochawesome": {
      "options": {
        "quiet": false,
        "reportFilename": "mochawesome",
        "saveHtml": true,
        "saveJson": true,
        "consoleReporter": "spec",
        "useInlineDiffs": false,
        "code": true
      },
      "version": "7.1.4"
    },
    "marge": {
      "options": {
        "reportDir": "cypress/reports",
        "overwrite": false,
        "html": true,
        "json": true
      },
      "version": "6.3.2"
    }
  }
}