{
  "stats": {
    "suites": 1,
    "tests": 2,
    "passes": 2,
    "pending": 0,
    "failures": 0,
    "start": "2026-01-22T15:52:40.297Z",
    "end": "2026-01-22T15:52:51.888Z",
    "duration": 11591,
    "testsRegistered": 2,
    "passPercent": 100,
    "pendingPercent": 0,
    "other": 0,
    "hasOther": false,
    "skipped": 0,
    "hasSkipped": false
  },
  "results": [
    {
      "uuid": "9d15716e-87b9-47a2-9e27-1c90b47e7dcc",
      "title": "",
      "fullFile": "cypress/e2e/UserAuth.cy.js",
      "file": "cypress/e2e/UserAuth.cy.js",
      "beforeHooks": [],
      "afterHooks": [],
      "tests": [],
      "suites": [
        {
          "uuid": "f1babfe1-237d-488a-9fc7-eaefec7fd9a0",
          "title": "User Registration and Login",
          "fullFile": "",
          "file": "",
          "beforeHooks": [],
          "afterHooks": [],
          "tests": [
            {
              "title": "register",
              "fullTitle": "User Registration and Login register",
              "timedOut": null,
              "duration": 6299,
              "state": "passed",
              "speed": "medium",
              "pass": true,
              "fail": false,
              "pending": false,
              "context": null,
              "code": "cy.registerParaBank({\n  firstName: \"owis\",\n  lastName: \"bukhari\",\n  username,\n  password: \"owis12345\"\n});",
              "err": {},
              "uuid": "e5f51a79-60c0-4e4d-8a79-1d9d7428f5a6",
              "parentUUID": "f1babfe1-237d-488a-9fc7-eaefec7fd9a0",
              "isHook": false,
              "skipped": false
            },
            {
              "title": "login",
              "fullTitle": "User Registration and Login login",
              "timedOut": null,
              "duration": 3665,
              "state": "passed",
              "speed": "fast",
              "pass": true,
              "fail": false,
              "pending": false,
              "context": null,
              "code": "cy.loginParaBank({\n  username,\n  password: \"owis12345\"\n});\ncy.logoutParaBank();",
              "err": {},
              "uuid": "0cd253ab-f47e-40a1-a5ba-44a0840eee6a",
              "parentUUID": "f1babfe1-237d-488a-9fc7-eaefec7fd9a0",
              "isHook": false,
              "skipped": false
            }
          ],
          "suites": [],
          "passes": [
            "e5f51a79-60c0-4e4d-8a79-1d9d7428f5a6",
            "0cd253ab-f47e-40a1-a5ba-44a0840eee6a"
          ],
          "failures": [],
          "pending": [],
          "skipped": [],
          "duration": 9964,
          "root": false,
          "rootEmpty": false,
          "_timeout": 2000
        }
      ],
      "passes": [],
      "failures": [],
      "pending": [],
      "skipped": [],
      "duration": 0,
      "root": true,
      "rootEmpty": true,
      "_timeout": 2000
    }
  ],
  "meta": {
    "mocha": {
      "version": "7.2.0"
    },
    "mochawesome": {
      "options": {
        "quiet": false,
        "reportFilename": "mochawesome",
        "saveHtml": true,
        "saveJson": true,
        "consoleReporter": "spec",
        "useInlineDiffs": false,
        "code": true
      },
      "version": "7.1.4"
    },
    "marge": {
      "options": {
        "reportDir": "cypress/reports",
        "overwrite": false,
        "html": true,
        "json": true
      },
      "version": "6.3.2"
    }
  }
}