{
  "stats": {
    "suites": 1,
    "tests": 4,
    "passes": 4,
    "pending": 0,
    "failures": 0,
    "start": "2026-01-21T16:45:04.535Z",
    "end": "2026-01-21T16:45:23.430Z",
    "duration": 18895,
    "testsRegistered": 4,
    "passPercent": 100,
    "pendingPercent": 0,
    "other": 0,
    "hasOther": false,
    "skipped": 0,
    "hasSkipped": false
  },
  "results": [
    {
      "uuid": "1158b381-db96-49a2-95cc-a985b699a9c0",
      "title": "",
      "fullFile": "cypress/e2e/SysTest.cy.js",
      "file": "cypress/e2e/SysTest.cy.js",
      "beforeHooks": [],
      "afterHooks": [],
      "tests": [],
      "suites": [
        {
          "uuid": "70bc5683-b1c9-498a-a7dc-831e386f06f1",
          "title": "SysTest",
          "fullFile": "",
          "file": "",
          "beforeHooks": [],
          "afterHooks": [],
          "tests": [
            {
              "title": "register",
              "fullTitle": "SysTest register",
              "timedOut": null,
              "duration": 5998,
              "state": "passed",
              "speed": "medium",
              "pass": true,
              "fail": false,
              "pending": false,
              "context": null,
              "code": "cy.registerParaBank({\n  firstName: \"owis\",\n  lastName: \"bukhari\",\n  username,\n  password: \"owis12345\"\n});",
              "err": {},
              "uuid": "17835dd6-59e2-4eeb-a61e-7bf9b9c4c85b",
              "parentUUID": "70bc5683-b1c9-498a-a7dc-831e386f06f1",
              "isHook": false,
              "skipped": false
            },
            {
              "title": "login",
              "fullTitle": "SysTest login",
              "timedOut": null,
              "duration": 3443,
              "state": "passed",
              "speed": "fast",
              "pass": true,
              "fail": false,
              "pending": false,
              "context": null,
              "code": "cy.loginParaBank({\n  username,\n  password: \"owis12345\"\n});\ncy.logoutParaBank();",
              "err": {},
              "uuid": "354f1918-f339-4822-bbc9-eae0ad18c910",
              "parentUUID": "70bc5683-b1c9-498a-a7dc-831e386f06f1",
              "isHook": false,
              "skipped": false
            },
            {
              "title": "transfer funds",
              "fullTitle": "SysTest transfer funds",
              "timedOut": null,
              "duration": 4270,
              "state": "passed",
              "speed": "fast",
              "pass": true,
              "fail": false,
              "pending": false,
              "context": null,
              "code": "cy.loginParaBank({\n  username,\n  password: \"owis12345\"\n});\ncy.TransferFundsParaBank({\n  amount: \"100\"\n});\ncy.logoutParaBank();",
              "err": {},
              "uuid": "66f4ec50-58b9-4011-9aad-d7171fe8c84b",
              "parentUUID": "70bc5683-b1c9-498a-a7dc-831e386f06f1",
              "isHook": false,
              "skipped": false
            },
            {
              "title": "loanRequest",
              "fullTitle": "SysTest loanRequest",
              "timedOut": null,
              "duration": 3745,
              "state": "passed",
              "speed": "fast",
              "pass": true,
              "fail": false,
              "pending": false,
              "context": null,
              "code": "cy.loginParaBank({\n  username,\n  password: \"owis12345\"\n});\ncy.loanRequest({\n  amount: \"5000\",\n  downPayment: \"500\"\n});",
              "err": {},
              "uuid": "36c813fd-28bd-49ec-ab33-a1e57efe21cb",
              "parentUUID": "70bc5683-b1c9-498a-a7dc-831e386f06f1",
              "isHook": false,
              "skipped": false
            }
          ],
          "suites": [],
          "passes": [
            "17835dd6-59e2-4eeb-a61e-7bf9b9c4c85b",
            "354f1918-f339-4822-bbc9-eae0ad18c910",
            "66f4ec50-58b9-4011-9aad-d7171fe8c84b",
            "36c813fd-28bd-49ec-ab33-a1e57efe21cb"
          ],
          "failures": [],
          "pending": [],
          "skipped": [],
          "duration": 17456,
          "root": false,
          "rootEmpty": false,
          "_timeout": 2000
        }
      ],
      "passes": [],
      "failures": [],
      "pending": [],
      "skipped": [],
      "duration": 0,
      "root": true,
      "rootEmpty": true,
      "_timeout": 2000
    }
  ],
  "meta": {
    "mocha": {
      "version": "7.2.0"
    },
    "mochawesome": {
      "options": {
        "quiet": false,
        "reportFilename": "mochawesome",
        "saveHtml": true,
        "saveJson": true,
        "consoleReporter": "spec",
        "useInlineDiffs": false,
        "code": true
      },
      "version": "7.1.4"
    },
    "marge": {
      "options": {
        "reportDir": "cypress/reports",
        "overwrite": false,
        "html": true,
        "json": true
      },
      "version": "6.3.2"
    }
  }
}