{
  "stats": {
    "suites": 1,
    "tests": 4,
    "passes": 1,
    "pending": 0,
    "failures": 3,
    "start": "2026-01-21T16:59:11.316Z",
    "end": "2026-01-21T16:59:41.070Z",
    "duration": 29754,
    "testsRegistered": 4,
    "passPercent": 25,
    "pendingPercent": 0,
    "other": 0,
    "hasOther": false,
    "skipped": 0,
    "hasSkipped": false
  },
  "results": [
    {
      "uuid": "076b35bd-d4ed-4391-a658-66c7e4f6eec2",
      "title": "",
      "fullFile": "cypress/e2e/SysTest.cy.js",
      "file": "cypress/e2e/SysTest.cy.js",
      "beforeHooks": [],
      "afterHooks": [],
      "tests": [],
      "suites": [
        {
          "uuid": "daa7908e-865b-4253-9ba4-3610bc6b7847",
          "title": "SysTest",
          "fullFile": "",
          "file": "",
          "beforeHooks": [],
          "afterHooks": [],
          "tests": [
            {
              "title": "register",
              "fullTitle": "SysTest register",
              "timedOut": null,
              "duration": 5653,
              "state": "passed",
              "speed": "medium",
              "pass": true,
              "fail": false,
              "pending": false,
              "context": null,
              "code": "cy.registerParaBank({\n  firstName: \"owis\",\n  lastName: \"bukhari\",\n  username,\n  password: \"owis12345\"\n});",
              "err": {},
              "uuid": "a30a02cd-25ad-4c53-92a1-b74d035925e6",
              "parentUUID": "daa7908e-865b-4253-9ba4-3610bc6b7847",
              "isHook": false,
              "skipped": false
            },
            {
              "title": "login",
              "fullTitle": "SysTest login",
              "timedOut": null,
              "duration": 7267,
              "state": "failed",
              "speed": null,
              "pass": false,
              "fail": true,
              "pending": false,
              "context": null,
              "code": "cy.loginParaBank({\n  username,\n  password: \"owis12345\"\n});\ncy.logoutParaBank();",
              "err": {
                "message": "AssertionError: Timed out retrying after 4000ms: expected 'https://parabank.parasoft.com/parabank/login.htm;jsessionid=AF5D122B20633834666C95870255BC75' to include 'overview.htm'",
                "estack": "AssertionError: Timed out retrying after 4000ms: expected 'https://parabank.parasoft.com/parabank/login.htm;jsessionid=AF5D122B20633834666C95870255BC75' to include 'overview.htm'\n    at Context.eval (webpack://parabank/./cypress/support/commands.js:59:11)\n    at wrapped (https://parabank.parasoft.com/__cypress/runner/cypress_runner.js:146042:43)",
                "diff": null
              },
              "uuid": "9b8e67ec-db56-4e20-acf6-01e1852c29cd",
              "parentUUID": "daa7908e-865b-4253-9ba4-3610bc6b7847",
              "isHook": false,
              "skipped": false
            },
            {
              "title": "transfer funds",
              "fullTitle": "SysTest transfer funds",
              "timedOut": null,
              "duration": 7916,
              "state": "failed",
              "speed": null,
              "pass": false,
              "fail": true,
              "pending": false,
              "context": null,
              "code": "cy.loginParaBank({\n  username,\n  password: \"owis12345\"\n});\ncy.TransferFundsParaBank({\n  amount: \"100\"\n});\ncy.logoutParaBank();",
              "err": {
                "message": "AssertionError: Timed out retrying after 4000ms: expected 'https://parabank.parasoft.com/parabank/login.htm;jsessionid=82AC16F790948C2823E9F5F153614639' to include 'overview.htm'",
                "estack": "AssertionError: Timed out retrying after 4000ms: expected 'https://parabank.parasoft.com/parabank/login.htm;jsessionid=82AC16F790948C2823E9F5F153614639' to include 'overview.htm'\n    at Context.eval (webpack://parabank/./cypress/support/commands.js:59:11)\n    at wrapped (https://parabank.parasoft.com/__cypress/runner/cypress_runner.js:146042:43)",
                "diff": null
              },
              "uuid": "a0dd32fd-7548-4703-a7ae-cf509bb6742e",
              "parentUUID": "daa7908e-865b-4253-9ba4-3610bc6b7847",
              "isHook": false,
              "skipped": false
            },
            {
              "title": "loanRequest",
              "fullTitle": "SysTest loanRequest",
              "timedOut": null,
              "duration": 7513,
              "state": "failed",
              "speed": null,
              "pass": false,
              "fail": true,
              "pending": false,
              "context": null,
              "code": "cy.loginParaBank({\n  username,\n  password: \"owis12345\"\n});\ncy.loanRequest({\n  amount: \"5000\",\n  downPayment: \"500\"\n});",
              "err": {
                "message": "AssertionError: Timed out retrying after 4000ms: expected 'https://parabank.parasoft.com/parabank/login.htm;jsessionid=2499BBAFB554859D94CD4B42BC87BF56' to include 'overview.htm'",
                "estack": "AssertionError: Timed out retrying after 4000ms: expected 'https://parabank.parasoft.com/parabank/login.htm;jsessionid=2499BBAFB554859D94CD4B42BC87BF56' to include 'overview.htm'\n    at Context.eval (webpack://parabank/./cypress/support/commands.js:59:11)\n    at wrapped (https://parabank.parasoft.com/__cypress/runner/cypress_runner.js:146042:43)",
                "diff": null
              },
              "uuid": "6b515c07-ba7c-4e2d-a0c5-2b9e42bb2d50",
              "parentUUID": "daa7908e-865b-4253-9ba4-3610bc6b7847",
              "isHook": false,
              "skipped": false
            }
          ],
          "suites": [],
          "passes": [
            "a30a02cd-25ad-4c53-92a1-b74d035925e6"
          ],
          "failures": [
            "9b8e67ec-db56-4e20-acf6-01e1852c29cd",
            "a0dd32fd-7548-4703-a7ae-cf509bb6742e",
            "6b515c07-ba7c-4e2d-a0c5-2b9e42bb2d50"
          ],
          "pending": [],
          "skipped": [],
          "duration": 28349,
          "root": false,
          "rootEmpty": false,
          "_timeout": 2000
        }
      ],
      "passes": [],
      "failures": [],
      "pending": [],
      "skipped": [],
      "duration": 0,
      "root": true,
      "rootEmpty": true,
      "_timeout": 2000
    }
  ],
  "meta": {
    "mocha": {
      "version": "7.2.0"
    },
    "mochawesome": {
      "options": {
        "quiet": false,
        "reportFilename": "mochawesome",
        "saveHtml": true,
        "saveJson": true,
        "consoleReporter": "spec",
        "useInlineDiffs": false,
        "code": true
      },
      "version": "7.1.4"
    },
    "marge": {
      "options": {
        "reportDir": "cypress/reports",
        "overwrite": true,
        "html": true,
        "json": true
      },
      "version": "6.3.2"
    }
  }
}